<?xml version="1.0" encoding="UTF-8"?>
<!-- Generated by org.testng.reporters.JUnitReportReporter -->
<testsuite skipped="0" hostname="anandakumar" name="com.onemonthlearning.com.onemonthlearning.Day5Challenge" tests="1" failures="0" timestamp="19 Dec 2020 15:00:08 GMT" time="0.022" errors="0">
  <testcase name="updatedString" time="0.022" classname="com.onemonthlearning.com.onemonthlearning.Day5Challenge"/>
</testsuite> <!-- com.onemonthlearning.com.onemonthlearning.Day5Challenge -->
